e:\c++poject\editor\editor\x64\debug\editor.pch
e:\c++poject\editor\editor\x64\debug\vc140.pdb
e:\c++poject\editor\editor\x64\debug\vc140.idb
e:\c++poject\editor\editor\x64\debug\stdafx.obj
e:\c++poject\editor\editor\x64\debug\display_buffer.obj
e:\c++poject\editor\editor\x64\debug\file_change.obj
e:\c++poject\editor\editor\x64\debug\operating_esc.obj
e:\c++poject\editor\editor\x64\debug\text.obj
e:\c++poject\editor\editor\x64\debug\help.obj
e:\c++poject\editor\editor\x64\debug\main.obj
e:\c++poject\editor\editor\x64\debug\operating_backspace.obj
e:\c++poject\editor\editor\x64\debug\operating_enter.obj
e:\c++poject\editor\editor\x64\debug\operating_getchar.obj
e:\c++poject\editor\editor\x64\debug\operating_down.obj
e:\c++poject\editor\editor\x64\debug\operating_left.obj
e:\c++poject\editor\editor\x64\debug\operating_right.obj
e:\c++poject\editor\editor\x64\debug\operating_top.obj
e:\c++poject\editor\editor\x64\debug\explanation.obj
e:\c++poject\editor\x64\debug\editor.ilk
e:\c++poject\editor\x64\debug\editor.exe
e:\c++poject\editor\x64\debug\editor.pdb
e:\c++poject\editor\editor\x64\debug\editor.tlog\cl.command.1.tlog
e:\c++poject\editor\editor\x64\debug\editor.tlog\cl.read.1.tlog
e:\c++poject\editor\editor\x64\debug\editor.tlog\cl.write.1.tlog
e:\c++poject\editor\editor\x64\debug\editor.tlog\link.command.1.tlog
e:\c++poject\editor\editor\x64\debug\editor.tlog\link.read.1.tlog
e:\c++poject\editor\editor\x64\debug\editor.tlog\link.write.1.tlog
