  stdafx.cpp
  operating_top.cpp
e:\c++poject\editor\editor\operating_top.cpp(16): warning C4267: “初始化”: 从“size_t”转换到“int”，可能丢失数据
  operating_right.cpp
e:\c++poject\editor\editor\operating_right.cpp(13): warning C4267: “初始化”: 从“size_t”转换到“int”，可能丢失数据
  operating_left.cpp
  operating_down.cpp
e:\c++poject\editor\editor\operating_down.cpp(16): warning C4267: “初始化”: 从“size_t”转换到“int”，可能丢失数据
  operating_getchar.cpp
  operating_enter.cpp
  operating_backspace.cpp
  main.cpp
  help.cpp
  text.cpp
e:\c++poject\editor\editor\text.cpp(154): warning C4838: 从“int”转换到“SHORT”需要收缩转换
e:\c++poject\editor\editor\text.cpp(166): warning C4838: 从“unsigned __int64”转换到“SHORT”需要收缩转换
e:\c++poject\editor\editor\text.cpp(166): warning C4267: “初始化”: 从“size_t”转换到“SHORT”，可能丢失数据
e:\c++poject\editor\editor\text.cpp(172): warning C4838: 从“unsigned __int64”转换到“SHORT”需要收缩转换
e:\c++poject\editor\editor\text.cpp(172): warning C4267: “初始化”: 从“size_t”转换到“SHORT”，可能丢失数据
e:\c++poject\editor\editor\text.cpp(196): warning C4267: “参数”: 从“size_t”转换到“int”，可能丢失数据
e:\c++poject\editor\editor\text.cpp(210): warning C4267: “参数”: 从“size_t”转换到“int”，可能丢失数据
  operating_esc.cpp
  file_change.cpp
  Explanation.cpp
  Display_buffer.cpp
e:\c++poject\editor\editor\display_buffer.cpp(65): warning C4838: 从“int”转换到“SHORT”需要收缩转换
e:\c++poject\editor\editor\display_buffer.cpp(74): warning C4838: 从“int”转换到“SHORT”需要收缩转换
e:\c++poject\editor\editor\display_buffer.cpp(83): warning C4838: 从“int”转换到“SHORT”需要收缩转换
  正在生成代码...
e:\c++poject\editor\editor\help.cpp(28): warning C4715: “Help::Run”: 不是所有的控件路径都返回值
  editor.vcxproj -> E:\c++poject\editor\x64\Debug\editor.exe
  editor.vcxproj -> E:\c++poject\editor\x64\Debug\editor.pdb (Partial PDB)
